<?xml version="1.0" encoding="UTF-8"?>
<!-- Generated by org.testng.reporters.JUnitXMLReporter -->
<testsuite hostname="DESKTOP-0M1MH5T" ignored="0" name="LinkedinTest" tests="4" failures="0" timestamp="2020-10-05T08:00:20 IST" time="51.409" errors="0">
  <testcase name="searchTest" time="6.202" classname="com.qa.linkedin.testcases.SearchDDTest"/>
  <testcase name="searchTest" time="6.981" classname="com.qa.linkedin.testcases.SearchDDTest"/>
  <testcase name="searchTest" time="6.853" classname="com.qa.linkedin.testcases.SearchDDTest"/>
  <testcase name="searchTest" time="6.673" classname="com.qa.linkedin.testcases.SearchDDTest"/>
</testsuite> <!-- LinkedinTest -->
