<?xml version="1.0" encoding="UTF-8"?>
<!-- Generated by org.testng.reporters.JUnitXMLReporter -->
<testsuite hostname="DESKTOP-0M1MH5T" ignored="0" name="Default test" tests="4" failures="0" timestamp="2020-10-03T07:09:31 IST" time="55.449" errors="0">
  <testcase name="searchTest" time="7.432" classname="com.qa.linkedin.testcases.SearchDDTest"/>
  <testcase name="searchTest" time="7.636" classname="com.qa.linkedin.testcases.SearchDDTest"/>
  <testcase name="searchTest" time="6.841" classname="com.qa.linkedin.testcases.SearchDDTest"/>
  <testcase name="searchTest" time="6.749" classname="com.qa.linkedin.testcases.SearchDDTest"/>
</testsuite> <!-- Default test -->
