<?xml version="1.0" encoding="UTF-8"?>
<!-- Generated by org.testng.reporters.JUnitXMLReporter -->
<testsuite hostname="DESKTOP-0M1MH5T" ignored="0" name="LinkedinTest" tests="4" failures="0" timestamp="2020-10-03T07:18:47 IST" time="67.052" errors="0">
  <testcase name="searchTest" time="22.021" classname="com.qa.linkedin.testcases.SearchDDTest"/>
  <testcase name="searchTest" time="11.02" classname="com.qa.linkedin.testcases.SearchDDTest"/>
  <testcase name="searchTest" time="9.236" classname="com.qa.linkedin.testcases.SearchDDTest"/>
  <testcase name="searchTest" time="8.574" classname="com.qa.linkedin.testcases.SearchDDTest"/>
</testsuite> <!-- LinkedinTest -->
